laravel new furry-umbrella
cd furry-umbrella
composer update
php artisan make:model --all Post
touch database/database.sqlite
php artisan migrate
php artisan serve
npm install --save-dev tailwindcss
npm install
npm run dev
php artisan db:seed --class DemoPostsSeeder
php artisan make:migration AddAuthorToPostsTable
php artisan migrate
php artisan db:seed --class DemoPostsSeeder
npm install --save-dev @tailwindcss/custom-forms
npx tailwindcss init
npm run dev
php artisan make:request SavePost
composer require laravel/ui
php artisan ui bootstrap --auth
